<?xml version="1.0" encoding="UTF-8"?>
<testng-results ignored="0" total="10" passed="10" failed="0" skipped="0">
  <reporter-output>
  </reporter-output>
  <suite started-at="2022-06-06T21:45:02Z" name="TestNG Sessions Suite" finished-at="2022-06-06T21:45:07Z" duration-ms="4425">
    <groups>
    </groups>
    <test started-at="2022-06-06T21:45:02Z" name="SauceLabsDemo Test" finished-at="2022-06-06T21:45:07Z" duration-ms="4425">
      <class name="com.saucelabs.qa.tests.DemoTest">
        <test-method is-config="true" signature="setUp(java.lang.String, java.lang.String)[pri:0, instance:com.saucelabs.qa.tests.DemoTest@192c3f1e]" started-at="2022-06-06T21:45:02Z" name="setUp" finished-at="2022-06-06T21:45:05Z" duration-ms="3341" status="PASS">
          <params>
            <param index="0">
              <value>
                <![CDATA[chrome]]>
              </value>
            </param>
            <param index="1">
              <value>
                <![CDATA[https://www.saucedemo.com/]]>
              </value>
            </param>
          </params>
          <reporter-output>
          </reporter-output>
        </test-method> <!-- setUp -->
        <test-method signature="Login()[pri:1, instance:com.saucelabs.qa.tests.DemoTest@192c3f1e]" started-at="2022-06-06T21:45:06Z" name="Login" finished-at="2022-06-06T21:45:06Z" duration-ms="256" status="PASS">
          <reporter-output>
          </reporter-output>
        </test-method> <!-- Login -->
        <test-method signature="Add_Random_Items()[pri:2, instance:com.saucelabs.qa.tests.DemoTest@192c3f1e]" started-at="2022-06-06T21:45:06Z" name="Add_Random_Items" finished-at="2022-06-06T21:45:06Z" duration-ms="126" status="PASS">
          <reporter-output>
          </reporter-output>
        </test-method> <!-- Add_Random_Items -->
        <test-method signature="Add_To_Cart()[pri:3, instance:com.saucelabs.qa.tests.DemoTest@192c3f1e]" started-at="2022-06-06T21:45:06Z" name="Add_To_Cart" finished-at="2022-06-06T21:45:06Z" duration-ms="39" status="PASS">
          <reporter-output>
          </reporter-output>
        </test-method> <!-- Add_To_Cart -->
        <test-method signature="Remove_Second_Item()[pri:4, instance:com.saucelabs.qa.tests.DemoTest@192c3f1e]" started-at="2022-06-06T21:45:06Z" name="Remove_Second_Item" finished-at="2022-06-06T21:45:06Z" duration-ms="33" status="PASS">
          <reporter-output>
          </reporter-output>
        </test-method> <!-- Remove_Second_Item -->
        <test-method signature="Checkout()[pri:5, instance:com.saucelabs.qa.tests.DemoTest@192c3f1e]" started-at="2022-06-06T21:45:06Z" name="Checkout" finished-at="2022-06-06T21:45:06Z" duration-ms="43" status="PASS">
          <reporter-output>
          </reporter-output>
        </test-method> <!-- Checkout -->
        <test-method signature="Fill_Details()[pri:6, instance:com.saucelabs.qa.tests.DemoTest@192c3f1e]" started-at="2022-06-06T21:45:06Z" name="Fill_Details" finished-at="2022-06-06T21:45:06Z" duration-ms="230" status="PASS">
          <reporter-output>
          </reporter-output>
        </test-method> <!-- Fill_Details -->
        <test-method signature="Payment_Information()[pri:7, instance:com.saucelabs.qa.tests.DemoTest@192c3f1e]" started-at="2022-06-06T21:45:06Z" name="Payment_Information" finished-at="2022-06-06T21:45:06Z" duration-ms="46" status="PASS">
          <reporter-output>
          </reporter-output>
        </test-method> <!-- Payment_Information -->
        <test-method signature="Verify_Price()[pri:8, instance:com.saucelabs.qa.tests.DemoTest@192c3f1e]" started-at="2022-06-06T21:45:06Z" name="Verify_Price" finished-at="2022-06-06T21:45:06Z" duration-ms="80" status="PASS">
          <reporter-output>
          </reporter-output>
        </test-method> <!-- Verify_Price -->
        <test-method signature="finish_button()[pri:9, instance:com.saucelabs.qa.tests.DemoTest@192c3f1e]" started-at="2022-06-06T21:45:06Z" name="finish_button" finished-at="2022-06-06T21:45:06Z" duration-ms="42" status="PASS">
          <reporter-output>
          </reporter-output>
        </test-method> <!-- finish_button -->
        <test-method signature="Verify_text_msg()[pri:10, instance:com.saucelabs.qa.tests.DemoTest@192c3f1e]" started-at="2022-06-06T21:45:06Z" name="Verify_text_msg" finished-at="2022-06-06T21:45:06Z" duration-ms="59" status="PASS">
          <reporter-output>
          </reporter-output>
        </test-method> <!-- Verify_text_msg -->
        <test-method is-config="true" signature="tearDown()[pri:0, instance:com.saucelabs.qa.tests.DemoTest@192c3f1e]" started-at="2022-06-06T21:45:06Z" name="tearDown" finished-at="2022-06-06T21:45:07Z" duration-ms="108" status="PASS">
          <reporter-output>
          </reporter-output>
        </test-method> <!-- tearDown -->
      </class> <!-- com.saucelabs.qa.tests.DemoTest -->
    </test> <!-- SauceLabsDemo Test -->
  </suite> <!-- TestNG Sessions Suite -->
</testng-results>
